build/app/outputs/mapping/release/seeds.txt
com.example.mapsintegration.MainActivity
com.example.mapsintegration.MainActivity: MainActivity()
...
io.flutter.embedding.engine.mutatorsstack.FlutterMutatorView: void setOnDescendantFocusChangeListener(android.view.View$OnFocusChangeListener)
io.flutter.embedding.engine.FlutterJNI: void nativeDispatchSemanticsAction(long,int,int,java.nio.ByteBuffer,int)
io.flutter.embedding.android.FlutterImageView
io.flutter.embedding.android.TransparencyMode: io.flutter.embedding.android.TransparencyMode valueOf(java.lang.String)
io.flutter.embedding.engine.FlutterOverlaySurface: android.view.Surface getSurface()
com.google.android.gms.maps.model.TileOverlayOptions: android.os.Parcelable$Creator CREATOR
com.google.android.gms.common.internal.ResolveAccountResponse: android.os.Parcelable$Creator CREATOR
io.flutter.plugin.platform.SingleViewPresentation: android.content.Context outerContext
io.flutter.embedding.engine.FlutterJNI: void setPlatformViewsController(io.flutter.plugin.platform.PlatformViewsController)
io.flutter.embedding.engine.FlutterJNI: boolean loadLibraryCalled
androidx.lifecycle.ReportFragment$LifecycleCallbacks: void onActivityPaused(android.app.Activity)
io.flutter.view.FlutterCallbackInformation: io.flutter.view.FlutterCallbackInformation lookupCallbackInformation(long)
io.flutter.embedding.engine.FlutterJNI: void setSemanticsEnabled(boolean)
io.flutter.embedding.engine.FlutterJNI: boolean nativeFlutterTextUtilsIsEmojiModifier(int)
androidx.lifecycle.Lifecycle$Event: androidx.lifecycle.Lifecycle$Event[] values()
io.flutter.embedding.engine.mutatorsstack.FlutterMutatorsStack: java.util.List finalClippingPaths
com.google.android.gms.common.internal.GetServiceRequest: android.os.Parcelable$Creator CREATOR
io.flutter.plugin.editing.ImeSyncDeferringInsetsCallback: android.view.WindowInsets access$400(io.flutter.plugin.editing.ImeSyncDeferringInsetsCallback)
io.flutter.embedding.engine.FlutterJNI: void setPlatformMessageHandler(io.flutter.embedding.engine.dart.PlatformMessageHandler)
androidx.core.app.CoreComponentFactory: CoreComponentFactory()
io.flutter.embedding.engine.FlutterJNI: android.os.Looper mainLooper
io.flutter.embedding.engine.mutatorsstack.FlutterMutatorsStack: void pushTransform(float[])
io.flutter.embedding.android.FlutterView: android.view.accessibility.AccessibilityNodeProvider getAccessibilityNodeProvider()
io.flutter.embedding.engine.FlutterJNI: void nativeSurfaceDestroyed(long)
io.flutter.view.AccessibilityViewEmbedder: java.util.Map originToFlutterId
io.flutter.embedding.engine.FlutterJNI: io.flutter.embedding.engine.FlutterJNI spawn(java.lang.String,java.lang.String)
io.flutter.view.AccessibilityViewEmbedder: android.view.View platformViewOfNode(int)
io.flutter.embedding.engine.plugins.lifecycle.HiddenLifecycleReference
io.flutter.embedding.engine.FlutterJNI: void nativeSurfaceWindowChanged(long,android.view.Surface)
io.flutter.embedding.engine.systemchannels.PlatformChannel$HapticFeedbackType: io.flutter.embedding.engine.systemchannels.PlatformChannel$HapticFeedbackType valueOf(java.lang.String)
androidx.core.app.CoreComponentFactory
io.flutter.view.AccessibilityBridge$Action: io.flutter.view.AccessibilityBridge$Action[] values()
io.flutter.embedding.engine.systemchannels.TextInputChannel$TextCapitalization: io.flutter.embedding.engine.systemchannels.TextInputChannel$TextCapitalization[] values()
io.flutter.embedding.engine.FlutterJNI: void onEndFrame()
io.flutter.view.AccessibilityViewEmbedder: void setFlutterNodesTranslateBounds(android.view.accessibility.AccessibilityNodeInfo,android.graphics.Rect,android.view.accessibility.AccessibilityNodeInfo)
io.flutter.plugins.googlemaps.GoogleMapController
io.flutter.embedding.engine.renderer.SurfaceTextureWrapper: android.graphics.SurfaceTexture surfaceTexture()
io.flutter.embedding.engine.mutatorsstack.FlutterMutatorsStack: android.graphics.Matrix finalMatrix
io.flutter.embedding.android.FlutterSplashView$SavedState: void writeToParcel(android.os.Parcel,int)
com.google.android.gms.common.api.Scope: android.os.Parcelable$Creator CREATOR