build/app/outputs/mapping/release/mapping.txt
# compiler: R8
# compiler_version: 2.1.62
# min_api: 20
# pg_map_id: fb3b221
# common_typos_disable
...
androidx.fragment.app.FragmentManagerImpl$AnimationOrAnimator -> androidx.fragment.app.j$g:
    android.view.animation.Animation animation -> a
    android.animation.Animator animator -> b
androidx.fragment.app.FragmentManagerImpl$EndViewTransitionAnimation -> androidx.fragment.app.j$h:
    android.view.ViewGroup mParent -> a
    boolean mAnimating -> e
    android.view.View mChild -> b
    boolean mEnded -> c
    boolean mTransitionEnded -> d
androidx.fragment.app.FragmentManagerImpl$FragmentLifecycleCallbacksHolder -> androidx.fragment.app.j$i:
    boolean mRecursive -> b
    androidx.fragment.app.FragmentManager$FragmentLifecycleCallbacks mCallback -> a
androidx.fragment.app.FragmentManagerImpl$FragmentTag -> androidx.fragment.app.j$j:
    int[] Fragment -> a
androidx.fragment.app.FragmentManagerImpl$OpGenerator -> androidx.fragment.app.j$k:
    boolean generateOps(java.util.ArrayList,java.util.ArrayList) -> a
androidx.fragment.app.FragmentManagerImpl$PopBackStackState -> androidx.fragment.app.j$l:
    androidx.fragment.app.FragmentManagerImpl this$0 -> d
    java.lang.String mName -> a
    int mId -> b
    int mFlags -> c
    boolean generateOps(java.util.ArrayList,java.util.ArrayList) -> a
androidx.fragment.app.FragmentManagerImpl$StartEnterTransitionListener -> androidx.fragment.app.j$m:
    boolean mIsBack -> a
    int mNumPostponed -> c
    androidx.fragment.app.BackStackRecord mRecord -> b
    void onStartEnterTransition() -> a
    void startListening() -> b
    void cancelTransaction() -> c
    void completeTransaction() -> d
    boolean isReady() -> e
androidx.fragment.app.FragmentManagerState -> androidx.fragment.app.k:
    int mNextFragmentIndex -> e
    androidx.fragment.app.BackStackState[] mBackStack -> c
    java.util.ArrayList mAdded -> b
    java.util.ArrayList mActive -> a
    java.lang.String mPrimaryNavActiveWho -> d
androidx.fragment.app.FragmentManagerState$1 -> androidx.fragment.app.k$a:
    androidx.fragment.app.FragmentManagerState createFromParcel(android.os.Parcel) -> a
    androidx.fragment.app.FragmentManagerState[] newArray(int) -> b
androidx.fragment.app.FragmentManagerViewModel -> androidx.fragment.app.l:
    androidx.lifecycle.ViewModelProvider$Factory FACTORY -> h
    java.util.HashSet mRetainedFragments -> b
    boolean mStateAutomaticallySaved -> e
    boolean mHasBeenCleared -> f
    boolean mHasSavedSnapshot -> g
    java.util.HashMap mViewModelStores -> d
    java.util.HashMap mChildNonConfigs -> c
    void onCleared() -> c
    boolean addRetainedFragment(androidx.fragment.app.Fragment) -> d
    void clearNonConfigState(androidx.fragment.app.Fragment) -> e
    androidx.fragment.app.FragmentManagerViewModel getChildNonConfig(androidx.fragment.app.Fragment) -> f
    androidx.fragment.app.FragmentManagerViewModel getInstance(androidx.lifecycle.ViewModelStore) -> g
    java.util.Collection getRetainedFragments() -> h
    androidx.lifecycle.ViewModelStore getViewModelStore(androidx.fragment.app.Fragment) -> i
    boolean isCleared() -> j
    boolean removeRetainedFragment(androidx.fragment.app.Fragment) -> k
    boolean shouldDestroy(androidx.fragment.app.Fragment) -> l
androidx.fragment.app.FragmentManagerViewModel$1 -> androidx.fragment.app.l$a:
    androidx.lifecycle.ViewModel create(java.lang.Class) -> a
androidx.fragment.app.FragmentState -> androidx.fragment.app.m:
    java.lang.String mTag -> f
    int mMaxLifecycleState -> l
    boolean mDetached -> i
    boolean mHidden -> k
    androidx.fragment.app.Fragment mInstance -> n
    int mFragmentId -> d
    int mContainerId -> e
    android.os.Bundle mArguments -> j
    android.os.Bundle mSavedFragmentState -> m
    java.lang.String mClassName -> a
    boolean mRetainInstance -> g
    boolean mRemoving -> h
    java.lang.String mWho -> b
    boolean mFromLayout -> c
    androidx.fragment.app.Fragment instantiate(java.lang.ClassLoader,androidx.fragment.app.FragmentFactory) -> a