build/app/outputs/mapping/release/usage.txt
com.example.mapsintegration.R$attr
com.example.mapsintegration.R
com.example.mapsintegration.R$id
com.example.mapsintegration.R$integer
com.example.mapsintegration.R$drawable
com.example.mapsintegration.BuildConfig
com.example.mapsintegration.R$string
com.example.mapsintegration.R$layout
com.example.mapsintegration.R$style
com.example.mapsintegration.R$mipmap
com.example.mapsintegration.R$dimen
com.example.mapsintegration.R$styleable
com.example.mapsintegration.R$color
...
kotlin.text.StringsKt___StringsKt$groupingBy$1
com.google.android.gms.common.images.zac
io.flutter.embedding.engine.plugins.contentprovider.ContentProviderControlSurface
io.flutter.app.FlutterActivityDelegate$ViewFactory
kotlin.sequences.SequencesKt___SequencesKt$minus$3
com.google.android.gms.common.UserRecoverableException
androidx.fragment.app.FragmentTabHost$SavedState
com.google.android.gms.common.internal.DialogRedirect:
    public static com.google.android.gms.common.internal.DialogRedirect getInstance(androidx.fragment.app.Fragment,android.content.Intent,int)
    public static com.google.android.gms.common.internal.DialogRedirect getInstance(com.google.android.gms.common.api.internal.LifecycleFragment,android.content.Intent,int)
com.google.android.gms.maps.internal.zzl
io.flutter.embedding.android.FlutterFragment$1
androidx.core.app.ActivityRecreator$1
com.google.android.gms.maps.zzi
kotlin.io.TerminateException
kotlin.comparisons.UComparisonsKt___UComparisonsKt
com.google.android.gms.common.api.PendingResults$zac
androidx.annotation.PluralsRes
androidx.core.content.pm.ShortcutManagerCompat$1
kotlin.reflect.KProperty2
kotlin.text.StringsKt___StringsKt$windowedSequence$1
androidx.core.app.JobIntentService$CompatWorkItem
com.google.android.gms.common.api.internal.zaaj
androidx.core.text.TextDirectionHeuristicsCompat
kotlin.collections.State
androidx.annotation.Nullable
kotlin.sequences.TakeSequence
com.google.android.gms.common.api.GoogleApiClient$Builder
io.flutter.embedding.engine.loader.ResourceExtractor:
    static long getVersionCode(android.content.pm.PackageInfo)
    void <init>(java.lang.String,java.lang.String,android.content.pm.PackageManager,android.content.res.AssetManager)
    private static java.lang.String[] getExistingTimestamps(java.io.File)
    private static void deleteFiles(java.lang.String,java.util.HashSet)
    private static java.lang.String checkTimestamp(java.io.File,android.content.pm.PackageManager,java.lang.String)
    private static void copy(java.io.InputStream,java.io.OutputStream)
    private static java.lang.String[] getSupportedAbis()
    static synthetic java.lang.String access$000(java.io.File,android.content.pm.PackageManager,java.lang.String)
    static synthetic void access$100(java.lang.String,java.util.HashSet)
    static synthetic void access$200(java.io.InputStream,java.io.OutputStream)
    static void <clinit>()
    io.flutter.embedding.engine.loader.ResourceExtractor addResource(java.lang.String)
    io.flutter.embedding.engine.loader.ResourceExtractor addResources(java.util.Collection)
    io.flutter.embedding.engine.loader.ResourceExtractor start()
    private final java.lang.String mDataDirPath
    private final java.lang.String mPackageName
    private final android.content.pm.PackageManager mPackageManager
    private final android.content.res.AssetManager mAssetManager
    private final java.util.HashSet mResources
kotlin.comparisons.ComparisonsKt__ComparisonsKt$compareByDescending$1
com.google.android.gms.common.util.Clock:
    public abstract long elapsedRealtime()
    public abstract long nanoTime()
    public abstract long currentThreadTimeMillis()
androidx.core.content.res.ResourcesCompat$FontCallback
kotlin.coroutines.experimental.Continuation
io.flutter.embedding.engine.plugins.shim.ShimPluginRegistry$ShimRegistrarAggregate
kotlin.random.Random$Default
kotlin.concurrent.LocksKt
kotlin.collections.ArraysKt__ArraysJVMKt
com.google.android.gms.common.api.internal.zaa
com.google.android.gms.tasks.OnTokenCanceledListener
kotlin.ULong
kotlin.io.FilesKt
kotlin.jvm.internal.LongCompanionObject
com.google.android.gms.maps.internal.zzav
com.google.android.gms.internal.base.zaa:
    protected final android.os.Parcel zaa(int,android.os.Parcel)
    protected final void zac(int,android.os.Parcel)
com.google.android.gms.signin.internal.zaf:
    public abstract void zam(int)
    public abstract void zaa(com.google.android.gms.common.internal.IAccountAccessor,int,boolean)